D:\Anaconda3\envs\tensorflow\python.exe D:/PycharmProjects/COMPASS/svm_backup.py
#### without ADNI-MEM ADNI-EF data ####
*** CN ***
best Pearson score: 0.0802198192868627
best parameters:
gamma 1
degree 2
kernel poly
coef0 100
class_weight {0: 1, 1: 10}

*** MCI ***
best Pearson score: 0.26081364250173855
best parameters:
gamma 0.5
degree 2
kernel poly
coef0 10
class_weight balanced

*** AD ***
best Pearson score: 0.15690756705710063
best parameters:
gamma 3
degree 1
kernel poly
coef0 0
class_weight {0: 2, 1: 1}

#### with ADNI-MEM ADNI-EF data ####
*** CN ***
best Pearson score: 0.07363701670151979
best parameters:
gamma 2
degree 2
kernel poly
coef0 100
class_weight balanced

*** MCI ***
best Pearson score: 0.486439256149356
best parameters:
gamma 0.1
degree 2
kernel poly
coef0 100
class_weight {0: 1, 1: 2}

*** AD ***
best Pearson score: 0.41359412955388264
best parameters:
gamma 0.1
degree 2
kernel poly
coef0 100
class_weight {0: 2, 1: 1}

Process finished with exit code 0






RepeatedKFold
D:\Anaconda3\envs\tensorflow\python.exe D:/PycharmProjects/COMPASS/svm_backup.py
#### without ADNI-MEM ADNI-EF data ####
*** CN ***
best Pearson score: 0.06782377821289992
best parameters:
degree 2
gamma 1
coef0 10
class_weight {0: 1, 1: 10}
kernel poly
*** MCI ***
best Pearson score: 0.25012963729036897
best parameters:
degree 1
gamma 1
coef0 0
class_weight {0: 1, 1: 3}
kernel poly
*** AD ***
best Pearson score: 0.13348275549573246
best parameters:
degree 2
gamma 3
coef0 0
class_weight balanced
kernel poly
#### with ADNI-MEM ADNI-EF data ####
*** CN ***
best Pearson score: 0.04821181595859285
best parameters:
degree 2
gamma 2
coef0 0
class_weight {0: 1, 1: 8}
kernel poly
*** MCI ***
best Pearson score: 0.4814634862351164
best parameters:
degree 2
gamma 0.1
coef0 100
class_weight balanced
kernel poly
*** AD ***
best Pearson score: 0.4145229693022181
best parameters:
degree 2
gamma 0.1
coef0 100
class_weight {0: 2, 1: 1}
kernel poly

Process finished with exit code 0

