E:\Miniconda3\python.exe E:/PycharmProjects/COMPASS/mlp.py
*** CN with original data MLP regression ***
best Pearson score: 0.5554501105608836
best parameters:  {'batch_size': 20, 'hidden_layer_sizes': (50, 10)}

*** MCI with original data MLP regression ***
best Pearson score: 0.15017347118927074
best parameters:  {'batch_size': 10, 'hidden_layer_sizes': (20, 10)}

*** AD with original data MLP regression ***
best Pearson score: 0.15457504508252343
best parameters:  {'batch_size': 20, 'hidden_layer_sizes': (50, 10, 6)}

*** CN with ADNI features MLP regression ***
best Pearson score: 0.5500030471394147
best parameters:  {'batch_size': 20, 'hidden_layer_sizes': (20, 6, 1)}

*** MCI with ADNI features MLP regression ***
best Pearson score: 0.4791291494164358
best parameters:  {'batch_size': 20, 'hidden_layer_sizes': (20,)}

*** AD with ADNI features MLP regression ***
best Pearson score: 0.46444467061740724
best parameters:  {'batch_size': 50, 'hidden_layer_sizes': (20, 6)}


Process finished with exit code 0



E:\Miniconda3\python.exe E:/PycharmProjects/COMPASS/mlp.py
*** CN with original data MLP regression ***
best Pearson score: 0.5554501105608836
best parameters:  {'batch_size': 20, 'hidden_layer_sizes': (50, 10)}

*** MCI with original data MLP regression ***
best Pearson score: 0.15017347118927074
best parameters:  {'batch_size': 10, 'hidden_layer_sizes': (20, 10)}

*** AD with original data MLP regression ***
best Pearson score: 0.1641926700613016
best parameters:  {'batch_size': 5, 'hidden_layer_sizes': (50, 10)}

*** CN with ADNI features MLP regression ***
best Pearson score: 0.5207893899342965
best parameters:  {'batch_size': 20, 'hidden_layer_sizes': (20, 10, 6)}

*** MCI with ADNI features MLP regression ***
best Pearson score: 0.4791291494164358
best parameters:  {'batch_size': 20, 'hidden_layer_sizes': (20,)}

*** AD with ADNI features MLP regression ***
best Pearson score: 0.46444467061740724
best parameters:  {'batch_size': 50, 'hidden_layer_sizes': (20, 6)}


Process finished with exit code 0


E:\Miniconda3\python.exe E:/PycharmProjects/COMPASS/mlp.py
*** MCI with original data MLP classification***
best AUROC score: 0.5072921351668118
best parameters:  {'alpha': 0.0001, 'batch_size': 10, 'hidden_layer_sizes': (50,), 'random_state': 1}

*** MCI with ADNI data MLP classification***
best AUROC score: 0.659514296587386
best parameters:  {'alpha': 0.0001, 'batch_size': 10, 'hidden_layer_sizes': (20,), 'random_state': 9}


Process finished with exit code 0



