D:\Anaconda3\envs\tensorflow\python.exe D:/PycharmProjects/COMPASS/svm_oversampling.py
#### without ADNI-MEM ADNI-EF data ####
*** CN ***
best score: 0.14662287568704233
best params: {'class_weight': {0: 2, 1: 1}, 'gamma': 1, 'c': 0.1, 'd': 1}
best score: 0.05030962909249133
best params: {'class_weight': {0: 2, 1: 1}, 'gamma': 1}
*** MCI ***
best score: 0.2771384262196217
best params: {'class_weight': {0: 1, 1: 1}, 'gamma': 10, 'c': 10, 'd': 1}
best score: 0.2726891910087302
best params: {'class_weight': 'balanced', 'gamma': 0.1}
*** AD ***
best score: 0.1900331162144589
best params: {'class_weight': {0: 1, 1: 1}, 'gamma': 1, 'c': 0.01, 'd': 2}
best score: 0.03133841936083086
best params: {'class_weight': {0: 1, 1: 2}, 'gamma': 1}
#### with ADNI-MEM ADNI-EF data ####
*** CN ***
best score: 0.06644611461242539
best params: {'class_weight': {0: 1, 1: 1}, 'gamma': 0.01, 'c': 10, 'd': 1}
best score: 0.061265193093956234
best params: {'class_weight': {0: 1, 1: 2}, 'gamma': 0.1}
*** MCI ***
best score: 0.5138718358560826
best params: {'class_weight': {0: 2, 1: 1}, 'gamma': 1, 'c': 10, 'd': 1}
best score: 0.44463367210217114
best params: {'class_weight': {0: 1, 1: 1}, 'gamma': 1}
*** AD ***
best score: 0.44648880658603196
best params: {'class_weight': {0: 1, 1: 1}, 'gamma': 10, 'c': 0.01, 'd': 1}
best score: 0.32984837688006285
best params: {'class_weight': {0: 2, 1: 1}, 'gamma': 1}

Process finished with exit code 0
