D:\Anaconda3\envs\tensorflow\python.exe D:/PycharmProjects/COMPASS/svr.py
poly kernel degree=1
*** CN with original data svr regression ***
best Pearson score: 0.5791889195628752
best parameters:  {'degree': 1, 'C': 0.1, 'coef0': 0, 'kernel': 'poly', 'gamma': 1}

*** MCI with original data svr regression ***
best Pearson score: 0.13346059984274805
best parameters:  {'degree': 1, 'C': 0.1, 'coef0': 0, 'kernel': 'poly', 'gamma': 0.1}

*** AD with original data svr regression ***
best Pearson score: 0.29654901916091175
best parameters:  {'degree': 1, 'C': 100, 'coef0': 100, 'kernel': 'poly', 'gamma': 10}

*** overall with original data svr regression ***
best Pearson score: 0.41536091635480565
best parameters:  {'degree': 1, 'C': 1, 'coef0': 100, 'kernel': 'poly', 'gamma': 0.1}

*** CN with ADNI features svr regression ***
best Pearson score: 0.5728228060898244
best parameters:  {'degree': 1, 'C': 0.1, 'coef0': 1, 'kernel': 'poly', 'gamma': 1}

*** MCI with ADNI features svr regression ***
best Pearson score: 0.52239926543974
best parameters:  {'degree': 1, 'C': 100, 'coef0': 0.1, 'kernel': 'poly', 'gamma': 0.1}

*** AD with ADNI features svr regression ***
best Pearson score: 0.6776859991350215
best parameters:  {'degree': 1, 'C': 100, 'coef0': 100, 'kernel': 'poly', 'gamma': 0.1}

*** overall with ADNI features svr regression ***
best Pearson score: 0.6254598754830409
best parameters:  {'degree': 1, 'C': 100, 'coef0': 1, 'kernel': 'poly', 'gamma': 10}


Process finished with exit code 0

poly kernel degree=2
E:\Miniconda3\python.exe E:/PycharmProjects/COMPASS/svr.py
*** CN with original data svr regression ***
best Pearson score: 0.5845828916298749
best parameters:  {'C': 1, 'coef0': 100, 'degree': 2, 'gamma': 1, 'kernel': 'poly'}

*** MCI with original data svr regression ***
best Pearson score: 0.12833027539973496
best parameters:  {'C': 0.1, 'coef0': 1, 'degree': 2, 'gamma': 0.1, 'kernel': 'poly'}

*** AD with original data svr regression ***
best Pearson score: 0.29185574365355804
best parameters:  {'C': 1, 'coef0': 100, 'degree': 2, 'gamma': 0.1, 'kernel': 'poly'}

*** overall with original data svr regression ***
best Pearson score: 0.4186696945182695
best parameters:  {'C': 10, 'coef0': 10, 'degree': 2, 'gamma': 1, 'kernel': 'poly'}

*** CN with ADNI features svr regression ***
best Pearson score: 0.5727473861427999
best parameters:  {'C': 0.1, 'coef0': 10, 'degree': 2, 'gamma': 0.1, 'kernel': 'poly'}

*** MCI with ADNI features svr regression ***
best Pearson score: 0.5377281075678007
best parameters:  {'C': 100, 'coef0': 10, 'degree': 2, 'gamma': 0.1, 'kernel': 'poly'}

*** AD with ADNI features svr regression ***
best Pearson score: 0.6761133294281789
best parameters:  {'C': 1, 'coef0': 100, 'degree': 2, 'gamma': 0.1, 'kernel': 'poly'}

*** overall with ADNI features svr regression ***
best Pearson score: 0.6922732860051449
best parameters:  {'C': 0.1, 'coef0': 100, 'degree': 2, 'gamma': 10, 'kernel': 'poly'}


Process finished with exit code 0
