*** CN with original data svr regression ***
best Pearson score: 0.5958505187368212
best parameters:  {'kernel': 'rbf', 'gamma': 0.1, 'C': 100} 

*** MCI with original data svr regression ***
best Pearson score: 0.1577226739655673
best parameters:  {'kernel': 'rbf', 'gamma': 1, 'C': 0.01} 

*** AD with original data svr regression ***
best Pearson score: 0.16247589643347277
best parameters:  {'kernel': 'rbf', 'gamma': 0.1, 'C': 10} 

*** overall with original data svr regression ***
best Pearson score: 0.4155057075889309
best parameters:  {'kernel': 'rbf', 'gamma': 0.1, 'C': 0.1} 

*** CN with ADNI features svr regression ***
best Pearson score: 0.5707332697376392
best parameters:  {'kernel': 'rbf', 'gamma': 0.1, 'C': 1} 

*** MCI with ADNI features svr regression ***
best Pearson score: 0.5254070116828654
best parameters:  {'kernel': 'rbf', 'gamma': 0.1, 'C': 100} 

*** AD with ADNI features svr regression ***
best Pearson score: 0.6334838799008828
best parameters:  {'kernel': 'rbf', 'gamma': 0.1, 'C': 100} 

*** overall with ADNI features svr regression ***
best Pearson score: 0.6960049579706202
best parameters:  {'kernel': 'rbf', 'gamma': 0.1, 'C': 100} 