E:\Miniconda3\python.exe E:/PycharmProjects/COMPASS/comparison.py
*** CN with ADNI features mlp regression ***
X.shape:  (135, 8) y.shape:  (135,)
best Pearson score: 0.45184372756021945
best parameters:  {'batch_size': 'auto', 'hidden_layer_sizes': (100,)}

*** MCI with ADNI features mlp regression ***
X.shape:  (196, 8) y.shape:  (196,)
best Pearson score: 0.42192870313492675
best parameters:  {'batch_size': 'auto', 'hidden_layer_sizes': (100,)}

*** AD with ADNI features mlp regression ***
X.shape:  (91, 8) y.shape:  (91,)
best Pearson score: 0.5037140588141049
best parameters:  {'batch_size': 'auto', 'hidden_layer_sizes': (100,)}

FreeSurfer.convexity..mean.2011
geodesic.depth..skew.2006
FreeSurfer.convexity..skew.1008
mean.curvature..MAD.1034
FreeSurfer.convexity..skew.2012
*** CN with imaging data , i=4 mlp regression ***
X.shape:  (135, 13) y.shape:  (135,)
best Pearson score: 0.5182934650781139
best parameters:  {'batch_size': 'auto', 'hidden_layer_sizes': (100,)}

FreeSurfer.thickness..25..1015
FreeSurfer.thickness..25..2009
FreeSurfer.thickness..mean.2007
Volume.2008
*** MCI with imaging data , i=3 mlp regression ***
X.shape:  (196, 12) y.shape:  (196,)
best Pearson score: 0.5085791552776174
best parameters:  {'batch_size': 'auto', 'hidden_layer_sizes': (20, 10)}

Volume.1008
FreeSurfer.thickness..25..1009
mean.curvature..75..1025
area.1008
*** AD with imaging data , i=3 mlp regression ***
X.shape:  (91, 12) y.shape:  (91,)
best Pearson score: 0.5921183206195615
best parameters:  {'batch_size': 'auto', 'hidden_layer_sizes': (50,)}


Process finished with exit code 0


E:\Miniconda3\python.exe E:/PycharmProjects/COMPASS/mlp.py
*** MCI with original data MLP classification***
best AUROC score: 0.5072921351668118
best parameters:  {'alpha': 0.0001, 'batch_size': 10, 'hidden_layer_sizes': (50,), 'random_state': 1}

*** MCI with ADNI data MLP classification***
best AUROC score: 0.659514296587386
best parameters:  {'alpha': 0.0001, 'batch_size': 10, 'hidden_layer_sizes': (20,), 'random_state': 9}


Process finished with exit code 0



#############  random forest 10 flod 10 repeat ##########
E:\Miniconda3\python.exe E:/PycharmProjects/COMPASS/comparison.py
*** CN with ADNI features svr regression ***
X.shape:  (135, 8) y.shape:  (135,)
best Pearson score: 0.5264117958284319
best parameters:  {'max_features': 'auto', 'min_samples_split': 0.1, 'n_estimators': 100}

*** MCI with ADNI features svr regression ***
X.shape:  (196, 8) y.shape:  (196,)
best Pearson score: 0.4520082066194864
best parameters:  {'max_features': 'sqrt', 'min_samples_split': 0.1, 'n_estimators': 100}

*** AD with ADNI features svr regression ***
X.shape:  (91, 8) y.shape:  (91,)
best Pearson score: 0.6327380766090512
best parameters:  {'max_features': 'auto', 'min_samples_split': 2, 'n_estimators': 100}

FreeSurfer.convexity..mean.2011
geodesic.depth..skew.2006
FreeSurfer.convexity..skew.1008
mean.curvature..MAD.1034
FreeSurfer.convexity..skew.2012
*** CN with imaging data , i=4 svr regression ***
X.shape:  (135, 13) y.shape:  (135,)
best Pearson score: 0.6063342988054377
best parameters:  {'max_features': 'auto', 'min_samples_split': 2, 'n_estimators': 100}

FreeSurfer.thickness..25..1015
FreeSurfer.thickness..25..2009
FreeSurfer.thickness..mean.2007
Volume.2008
*** MCI with imaging data , i=3 svr regression ***
X.shape:  (196, 12) y.shape:  (196,)
best Pearson score: 0.5973382351263349
best parameters:  {'max_features': 'auto', 'min_samples_split': 2, 'n_estimators': 100}

Volume.1008
FreeSurfer.thickness..25..1009
mean.curvature..75..1025
area.1008
*** AD with imaging data , i=3 svr regression ***
X.shape:  (91, 12) y.shape:  (91,)
best Pearson score: 0.6833223377172313
best parameters:  {'max_features': 1, 'min_samples_split': 2, 'n_estimators': 100}


Process finished with exit code 0



