group1 CN
without ADNI
[-0.12040802  0.34969941  0.71606606  0.9184039   0.68057276  0.69049249
  0.44520539  0.31276072  0.71171178  0.79499693  0.76660366  0.20800609
  0.55247703  0.32245435  0.7454018   0.42479352  0.8267709   0.1990792
  0.72941744  0.1127771   0.51990551  0.69790348  0.61671269  0.75951889
  0.55080491  0.49572186  0.28463918  0.65672872  0.66905466  0.56178827
  0.36283664  0.510789    0.69296003  0.73028757  0.66235486  0.55840126
  0.70098973  0.53375073  0.58517579  0.14346486  0.6525539   0.26559072
  0.21817795  0.49084662  0.68491935  0.1858823   0.60131488  0.77146778
  0.83050128  0.67555606]
************ pearson:  0.5411576401563108

with ADNI
[ 0.93394384  0.81922705  0.53394505  0.76376086  0.7034195   0.06320951
  0.40261135  0.79344757  0.54643583  0.10588134  0.81449935  0.52981062
  0.76027162  0.78099066  0.79068132  0.69246682  0.3691931  -0.60461449
  0.5080733   0.45690356  0.74168852  0.12682919  0.81286663  0.82997569
  0.49641248  0.37286834  0.66137703  0.70166753  0.54294507  0.5150543
  0.22455571  0.61933055  0.77584501  0.69698395 -0.29163781  0.23099663
  0.60891581  0.85768408  0.63956096  0.38202649  0.00887524  0.73591011
  0.87585234  0.87689435  0.68415432  0.51766507  0.32495162  0.42395598
  0.64049373  0.81882765]
************ pearson:  0.5443536859103276

group2 MCI
without ADNI
[ 0.26499843  0.04669768  0.11098001  0.12547085  0.46711095  0.34308122
  0.17934245  0.02395663  0.22532015  0.03096715  0.0357095   0.329995
  0.17680097 -0.16042484  0.2230337   0.19233837  0.16892146 -0.01877856
 -0.15181907 -0.13762901  0.37393874  0.34951698  0.04885111 -0.02894208
 -0.01043766 -0.12351115  0.00269217  0.1703125   0.21916226 -0.10058724
  0.10106318  0.17508029 -0.05382713 -0.14514472 -0.05458063 -0.0361986
  0.1681803   0.16752078  0.42308141 -0.23589983  0.23911931  0.12975176
  0.27855625 -0.12815099  0.43239521  0.14160927  0.09824465  0.07399995
 -0.44482798  0.16025938]
************ pearson:  0.09734601010039019
with ADNI
[0.40337756 0.50942427 0.47750266 0.49987852 0.23450881 0.41580442
 0.4488781  0.55234983 0.5057167  0.6298482  0.56573126 0.60330453
 0.41598276 0.29824072 0.19568274 0.63333295 0.51109374 0.60541957
 0.26761674 0.28614559 0.69934137 0.59865425 0.3799468  0.43522517
 0.39530958 0.55301479 0.57885575 0.08127271 0.30559317 0.39441105
 0.56521159 0.48465156 0.49452954 0.41860258 0.19146995 0.67113198
 0.47015021 0.34268023 0.45401975 0.22532004 0.6433185  0.50919788
 0.29904517 0.39816074 0.47825099 0.4931741  0.40039073 0.33579832
 0.63269081 0.15089478]
************ pearson:  0.44280307498189975

group3 AD
without ADNI
[ 0.72872886  0.27029327  0.38811241  0.49723735  0.30952092  0.05567944
  0.20625908  0.09945158  0.37292408 -0.18297494  0.39648877 -0.06594502
 -0.0322787   0.54360222 -0.3837488  -0.13079626  0.64723312  0.50635441
  0.36389716 -0.02389613 -0.30132736  0.22220335  0.09720219  0.16360958
  0.51148617 -0.13189381  0.39756818  0.71287299  0.15928155  0.03361383
  0.63111319  0.65652747 -0.22260306  0.17789564 -0.13383522  0.54212811
 -0.09889639 -0.08464271  0.40990722  0.62591317  0.07965999 -0.21733152
  0.39799172 -0.29441386  0.36404485  0.53574249 -0.00468171  0.48744295
  0.18135518  0.56936293]
************ pearson:  0.2206687989842584
with ADNI
[0.36854198 0.72047573 0.57895039 0.91269155 0.55252666 0.43134022
 0.53624254 0.66604039 0.48238802 0.80861649 0.63181358 0.74268119
 0.45011657 0.33990178 0.66743804 0.6943743  0.56206059 0.6677666
 0.94590562 0.41542206 0.92369079 0.76372342 0.27840199 0.74902963
 0.65882226 0.49522191 0.60933465 0.29319199 0.4708622  0.57259317
 0.78192728 0.34606395 0.55854538 0.47107622 0.93037928 0.4604635
 0.76637058 0.75592208 0.68731162 0.77480567 0.40304684 0.76361346
 0.58731209 0.63453727 0.77477532 0.12822905 0.41409216 0.71490348
 0.8041944  0.61014874]
************ pearson:  0.6071576938030724