E:\Miniconda3\python.exe E:/PycharmProjects/COMPASS/linearRegression.py
*** CN with original data linear regression ***
mean score: 0.5790417423953073

*** MCI with original data linear regression ***
mean score: 0.117597658828123

*** AD with original data linear regression ***
mean score: 0.2918763509654097

*** overall with original data linear regression ***
mean score: 0.4217667417739601

*** CN with genetic features linear regression ***
mean score: 0.5569482144418896

*** MCI with genetic features linear regression ***
mean score: 0.11553621145633051

*** AD with genetic features linear regression ***
mean score: 0.26008643998060293

*** overall with genetic features linear regression ***
mean score: 0.4110728624536955

Process finished with exit code 0


with APOE3
E:\Miniconda3\python.exe E:/PycharmProjects/COMPASS/linearRegression.py
*** CN with original data linear regression ***
mean score: 0.5790417423953074

*** MCI with original data linear regression ***
mean score: 0.12139555405712449

*** AD with original data linear regression ***
mean score: 0.29125848558662243

*** overall with original data linear regression ***
mean score: 0.4217216916345983

*** CN with genetic features linear regression ***
mean score: 0.5569482144418898

*** MCI with genetic features linear regression ***
mean score: 0.12021882941450376

*** AD with genetic features linear regression ***
mean score: 0.2625165906910454

*** overall with genetic features linear regression ***
mean score: 0.410891717148114


Process finished with exit code 0
